<?xml version="1.0" encoding="UTF-8"?>
<!-- Generated by org.testng.reporters.JUnitXMLReporter -->
<testsuite hostname="DESKTOP-L0JN92J" name="Default test" tests="4" failures="0" timestamp="7 Feb 2019 08:27:37 GMT" time="0.089" errors="0">
  <testcase name="apenBrowser" time="0.007" classname="testNGFrameWork.Annotation"/>
  <testcase name="bFlightBooking" time="0.006" classname="testNGFrameWork.Annotation"/>
  <testcase name="cPayment" time="0.006" classname="testNGFrameWork.Annotation"/>
  <testcase name="dEndTestCase" time="0.007" classname="testNGFrameWork.Annotation"/>
</testsuite> <!-- Default test -->
